# JRE version: Java(TM) SE Runtime Environment (13.0.2+8) (build 13.0.2+8)
# Java VM: Java HotSpot(TM) 64-Bit Server VM (13.0.2+8, mixed mode, sharing, tiered, compressed oops, g1 gc, windows-amd64)
Heap:
 garbage-first heap   total 219136K, used 129750K [0x00000000a0000000, 0x0000000100000000)
  region size 1024K, 5 young (5120K), 2 survivors (2048K)
 Metaspace       used 90948K, capacity 93351K, committed 95644K, reserved 1132544K
  class space    used 11526K, capacity 12272K, committed 13056K, reserved 1048576K
GC Heap History (20 events):
Event: 2600.295 GC heap before
{Heap before GC invocations=67 (full 0):
 garbage-first heap   total 152576K, used 126556K [0x00000000a0000000, 0x0000000100000000)
  region size 1024K, 29 young (29696K), 4 survivors (4096K)
 Metaspace       used 91898K, capacity 95044K, committed 95132K, reserved 1132544K
  class space    used 11940K, capacity 12997K, committed 13056K, reserved 1048576K
}
Event: 2600.302 GC heap after
{Heap after GC invocations=68 (full 0):
 garbage-first heap   total 152576K, used 103070K [0x00000000a0000000, 0x0000000100000000)
  region size 1024K, 2 young (2048K), 2 survivors (2048K)
 Metaspace       used 91898K, capacity 95044K, committed 95132K, reserved 1132544K
  class space    used 11940K, capacity 12997K, committed 13056K, reserved 1048576K
}
Event: 2600.511 GC heap before
{Heap before GC invocations=68 (full 0):
 garbage-first heap   total 152576K, used 127646K [0x00000000a0000000, 0x0000000100000000)
  region size 1024K, 26 young (26624K), 2 survivors (2048K)
 Metaspace       used 91915K, capacity 95111K, committed 95388K, reserved 1132544K
  class space    used 11940K, capacity 12998K, committed 13056K, reserved 1048576K
}
Event: 2600.518 GC heap after
{Heap after GC invocations=69 (full 0):
 garbage-first heap   total 152576K, used 109065K [0x00000000a0000000, 0x0000000100000000)
  region size 1024K, 4 young (4096K), 4 survivors (4096K)
 Metaspace       used 91915K, capacity 95111K, committed 95388K, reserved 1132544K
  class space    used 11940K, capacity 12998K, committed 13056K, reserved 1048576K
}
Event: 2601.528 GC heap before
{Heap before GC invocations=69 (full 0):
 garbage-first heap   total 152576K, used 134665K [0x00000000a0000000, 0x0000000100000000)
  region size 1024K, 22 young (22528K), 4 survivors (4096K)
 Metaspace       used 91950K, capacity 95196K, committed 95388K, reserved 1132544K
  class space    used 11942K, capacity 13002K, committed 13056K, reserved 1048576K
}
Event: 2601.532 GC heap after
{Heap after GC invocations=70 (full 0):
 garbage-first heap   total 152576K, used 110635K [0x00000000a0000000, 0x0000000100000000)
  region size 1024K, 2 young (2048K), 2 survivors (2048K)
 Metaspace       used 91950K, capacity 95196K, committed 95388K, reserved 1132544K
  class space    used 11942K, capacity 13002K, committed 13056K, reserved 1048576K
}
Event: 2601.807 GC heap before
{Heap before GC invocations=70 (full 0):
 garbage-first heap   total 152576K, used 129067K [0x00000000a0000000, 0x0000000100000000)
  region size 1024K, 19 young (19456K), 2 survivors (2048K)
 Metaspace       used 92000K, capacity 95210K, committed 95388K, reserved 1132544K
  class space    used 11943K, capacity 13004K, committed 13056K, reserved 1048576K
}
Event: 2601.809 GC heap after
{Heap after GC invocations=71 (full 0):
 garbage-first heap   total 152576K, used 110580K [0x00000000a0000000, 0x0000000100000000)
  region size 1024K, 1 young (1024K), 1 survivors (1024K)
 Metaspace       used 92000K, capacity 95210K, committed 95388K, reserved 1132544K
  class space    used 11943K, capacity 13004K, committed 13056K, reserved 1048576K
}
Event: 2753.742 GC heap before
{Heap before GC invocations=71 (full 0):
 garbage-first heap   total 152576K, used 126964K [0x00000000a0000000, 0x0000000100000000)
  region size 1024K, 18 young (18432K), 1 survivors (1024K)
 Metaspace       used 92169K, capacity 95365K, committed 95388K, reserved 1132544K
  class space    used 11962K, capacity 13038K, committed 13056K, reserved 1048576K
}
Event: 2753.744 GC heap after
{Heap after GC invocations=72 (full 0):
 garbage-first heap   total 152576K, used 111837K [0x00000000a0000000, 0x0000000100000000)
  region size 1024K, 2 young (2048K), 2 survivors (2048K)
 Metaspace       used 92169K, capacity 95365K, committed 95388K, reserved 1132544K
  class space    used 11962K, capacity 13038K, committed 13056K, reserved 1048576K
}
Event: 2753.859 GC heap before
{Heap before GC invocations=72 (full 0):
 garbage-first heap   total 152576K, used 128221K [0x00000000a0000000, 0x0000000100000000)
  region size 1024K, 19 young (19456K), 2 survivors (2048K)
 Metaspace       used 92236K, capacity 95498K, committed 95644K, reserved 1132544K
  class space    used 11963K, capacity 13039K, committed 13056K, reserved 1048576K
}
Event: 2753.863 GC heap after
{Heap after GC invocations=73 (full 0):
 garbage-first heap   total 152576K, used 114256K [0x00000000a0000000, 0x0000000100000000)
  region size 1024K, 3 young (3072K), 3 survivors (3072K)
 Metaspace       used 92236K, capacity 95498K, committed 95644K, reserved 1132544K
  class space    used 11963K, capacity 13039K, committed 13056K, reserved 1048576K
}
Event: 2753.935 GC heap before
{Heap before GC invocations=73 (full 0):
 garbage-first heap   total 152576K, used 129616K [0x00000000a0000000, 0x0000000100000000)
  region size 1024K, 19 young (19456K), 3 survivors (3072K)
 Metaspace       used 92253K, capacity 95498K, committed 95644K, reserved 1132544K
  class space    used 11964K, capacity 13039K, committed 13056K, reserved 1048576K
}
Event: 2753.938 GC heap after
{Heap after GC invocations=74 (full 0):
 garbage-first heap   total 152576K, used 115002K [0x00000000a0000000, 0x0000000100000000)
  region size 1024K, 1 young (1024K), 1 survivors (1024K)
 Metaspace       used 92253K, capacity 95498K, committed 95644K, reserved 1132544K
  class space    used 11964K, capacity 13039K, committed 13056K, reserved 1048576K
}
Event: 2754.060 GC heap before
{Heap before GC invocations=74 (full 0):
 garbage-first heap   total 152576K, used 130362K [0x00000000a0000000, 0x0000000100000000)
  region size 1024K, 16 young (16384K), 1 survivors (1024K)
 Metaspace       used 92260K, capacity 95498K, committed 95644K, reserved 1132544K
  class space    used 11964K, capacity 13039K, committed 13056K, reserved 1048576K
}
Event: 2754.062 GC heap after
{Heap after GC invocations=75 (full 0):
 garbage-first heap   total 152576K, used 116277K [0x00000000a0000000, 0x0000000100000000)
  region size 1024K, 1 young (1024K), 1 survivors (1024K)
 Metaspace       used 92260K, capacity 95498K, committed 95644K, reserved 1132544K
  class space    used 11964K, capacity 13039K, committed 13056K, reserved 1048576K
}
Event: 2754.124 GC heap before
{Heap before GC invocations=75 (full 0):
 garbage-first heap   total 152576K, used 130613K [0x00000000a0000000, 0x0000000100000000)
  region size 1024K, 16 young (16384K), 1 survivors (1024K)
 Metaspace       used 92264K, capacity 95498K, committed 95644K, reserved 1132544K
  class space    used 11964K, capacity 13039K, committed 13056K, reserved 1048576K
}
Event: 2754.129 GC heap after
{Heap after GC invocations=76 (full 0):
 garbage-first heap   total 152576K, used 121214K [0x00000000a0000000, 0x0000000100000000)
  region size 1024K, 2 young (2048K), 2 survivors (2048K)
 Metaspace       used 92264K, capacity 95498K, committed 95644K, reserved 1132544K
  class space    used 11964K, capacity 13039K, committed 13056K, reserved 1048576K
}
Event: 2754.173 GC heap before
{Heap before GC invocations=76 (full 0):
 garbage-first heap   total 152576K, used 127358K [0x00000000a0000000, 0x0000000100000000)
  region size 1024K, 9 young (9216K), 2 survivors (2048K)
 Metaspace       used 92264K, capacity 95498K, committed 95644K, reserved 1132544K
  class space    used 11964K, capacity 13039K, committed 13056K, reserved 1048576K
}
Event: 2754.178 GC heap after
{Heap after GC invocations=77 (full 0):
 garbage-first heap   total 152576K, used 124630K [0x00000000a0000000, 0x0000000100000000)
  region size 1024K, 2 young (2048K), 2 survivors (2048K)
 Metaspace       used 92264K, capacity 95498K, committed 95644K, reserved 1132544K
  class space    used 11964K, capacity 13039K, committed 13056K, reserved 1048576K
}

